<?xml version="1.0" encoding="UTF-8"?>
<!-- Generated by org.testng.reporters.JUnitXMLReporter -->
<testsuite hostname="DESKTOP-M94BUN9" ignored="4" name="test_suites" tests="29" failures="0" timestamp="2021-12-12T04:17:29 IST" time="230.65" errors="0">
  <testcase name="validateHomePage" time="3.095" classname="test_suites.SiteMap_Common"/>
  <testcase name="validateContactPage" time="4.263" classname="test_suites.SiteMap_Common"/>
  <testcase name="validateAboutPage" time="2.2" classname="test_suites.SiteMap_Common"/>
  <testcase name="validateViewProducts" time="4.291" classname="test_suites.SiteMap_Common"/>
  <testcase name="validate_Categories_AntipyreticsViewProducts" time="6.787" classname="test_suites.SiteMap_Common"/>
  <testcase name="validate_Categories_AnalgesicsViewProducts" time="6.769" classname="test_suites.SiteMap_Common"/>
  <testcase name="validate_Categories_AntibioticsViewProducts" time="6.778" classname="test_suites.SiteMap_Common"/>
  <testcase name="validateSignupPage" time="4.484" classname="test_suites.SiteMap_Common"/>
  <testcase name="validateLoginPage" time="3.447" classname="test_suites.SiteMap_Common"/>
  <testcase name="InValidUserLoginCheck" time="5.702" classname="test_suites.Shopping"/>
  <testcase name="InValidPasswordLogin_Check1" time="5.695" classname="test_suites.Shopping"/>
  <testcase name="InvalidPassword_Check2" time="5.767" classname="test_suites.Shopping"/>
  <testcase name="ValidUserLoginCheck" time="5.859" classname="test_suites.Shopping"/>
  <testcase name="ViewProductList" time="5.399" classname="test_suites.Shopping"/>
  <testcase name="ViewProductList_DropDownCheck" time="7.356" classname="test_suites.Shopping"/>
  <testcase name="SearchBox_Check" time="6.34" classname="test_suites.Shopping"/>
  <testcase name="MedAddCart" time="15.801" classname="test_suites.Shopping"/>
  <testcase name="checkCart" time="11.552" classname="test_suites.Shopping"/>
  <testcase name="orderConfirm" time="7.098" classname="test_suites.Shopping"/>
  <testcase name="selectShipping" time="18.181" classname="test_suites.Shopping"/>
  <testcase name="userLogOutClick" time="4.009" classname="test_suites.Shopping"/>
  <testcase name="register_SignUpNewUser" time="26.41" classname="test_suites.Shopping"/>
  <testcase name="ValidAdminUserLoginCheck" time="4.513" classname="test_suites.AdminActions"/>
  <testcase name="ManageProductsPageConfirm" time="4.357" classname="test_suites.AdminActions"/>
  <testcase name="AddMedicine" time="5.928" classname="test_suites.AdminActions"/>
  <testcase name="EditMedQty" time="7.762" classname="test_suites.AdminActions"/>
  <testcase name="product_ActivateDeactivate" time="23.318" classname="test_suites.AdminActions"/>
  <testcase name="EditedMedQty" time="4.781" classname="test_suites.AdminActions"/>
  <testcase name="userLogOutClick" time="4.035" classname="test_suites.AdminActions"/>
  <testcase name="@AfterTest TearDown" time="0.0" classname="test_suites.Base">
    <ignored/>
  </testcase> <!-- @AfterTest TearDown -->
  <testcase name="@AfterTest TearDown" time="0.0" classname="test_suites.Base">
    <ignored/>
  </testcase> <!-- @AfterTest TearDown -->
  <testcase name="@BeforeTest setup" time="0.0" classname="test_suites.Base">
    <ignored/>
  </testcase> <!-- @BeforeTest setup -->
  <testcase name="@BeforeTest setup" time="0.0" classname="test_suites.Base">
    <ignored/>
  </testcase> <!-- @BeforeTest setup -->
</testsuite> <!-- test_suites -->
