<?xml version="1.0" encoding="UTF-8"?>
<!-- Generated by org.testng.reporters.JUnitXMLReporter -->
<testsuite hostname="DESKTOP-M94BUN9" ignored="4" name="Tsuites" tests="24" failures="0" timestamp="2021-12-08T21:50:32 IST" time="157.485" errors="0">
  <testcase name="validateAboutPage" time="4.244" classname="TSuites.SiteMap_Common"/>
  <testcase name="validateHomePage" time="3.048" classname="TSuites.SiteMap_Common"/>
  <testcase name="validateContactPage" time="2.193" classname="TSuites.SiteMap_Common"/>
  <testcase name="validateViewProducts" time="6.26" classname="TSuites.SiteMap_Common"/>
  <testcase name="validateAntipyreticsViewProducts" time="9.278" classname="TSuites.SiteMap_Common"/>
  <testcase name="validateAnalgesicsViewProducts" time="9.247" classname="TSuites.SiteMap_Common"/>
  <testcase name="validateAntibioticsViewProducts" time="9.264" classname="TSuites.SiteMap_Common"/>
  <testcase name="validateSignupPage" time="2.215" classname="TSuites.SiteMap_Common"/>
  <testcase name="validateLoginPage" time="3.392" classname="TSuites.SiteMap_Common"/>
  <testcase name="InValidUserLoginCheck" time="5.605" classname="TSuites.Shopping"/>
  <testcase name="InValidPasswordLoginCheck" time="5.607" classname="TSuites.Shopping"/>
  <testcase name="ValidUserLoginCheck" time="5.924" classname="TSuites.Shopping"/>
  <testcase name="ViewProductList" time="5.397" classname="TSuites.Shopping"/>
  <testcase name="MedAddCart" time="13.562" classname="TSuites.Shopping"/>
  <testcase name="checkCart" time="11.404" classname="TSuites.Shopping"/>
  <testcase name="selectShipping" time="10.692" classname="TSuites.Shopping"/>
  <testcase name="orderConfirm" time="7.336" classname="TSuites.Shopping"/>
  <testcase name="userLogOutClick" time="4.085" classname="TSuites.Shopping"/>
  <testcase name="ValidAdminUserLoginCheck" time="4.513" classname="TSuites.AdminActions"/>
  <testcase name="ManageProductsPageConfirm" time="4.334" classname="TSuites.AdminActions"/>
  <testcase name="AddMedicine" time="5.646" classname="TSuites.AdminActions"/>
  <testcase name="EditMedQty" time="7.652" classname="TSuites.AdminActions"/>
  <testcase name="EditedMedQty" time="4.79" classname="TSuites.AdminActions"/>
  <testcase name="userLogOutClick" time="4.068" classname="TSuites.AdminActions"/>
  <testcase name="@AfterTest TearDown" time="0.0" classname="TSuites.Base">
    <ignored/>
  </testcase> <!-- @AfterTest TearDown -->
  <testcase name="@AfterTest TearDown" time="0.0" classname="TSuites.Base">
    <ignored/>
  </testcase> <!-- @AfterTest TearDown -->
  <testcase name="@BeforeTest setup" time="0.0" classname="TSuites.Base">
    <ignored/>
  </testcase> <!-- @BeforeTest setup -->
  <testcase name="@BeforeTest setup" time="0.0" classname="TSuites.Base">
    <ignored/>
  </testcase> <!-- @BeforeTest setup -->
</testsuite> <!-- Tsuites -->
